"C:/Users/Jon/Documents/GitHub/climatechange/Content/Blueprints/Structure/struct_OPtions.uasset" 0
"C:/Users/Jon/Documents/GitHub/climatechange/Content/Blueprints/Structure/struct_RubbishAmt.uasset" 1
"C:/Users/Jon/Documents/GitHub/climatechange/Content/Blueprints/BP_Gameinstance.uasset" 2
"C:/Users/Jon/Documents/GitHub/climatechange/Content/Blueprints/BP_HUDTester.uasset" 3
"C:/Users/Jon/Documents/GitHub/climatechange/Content/Local/StringTable_ENG.uasset" 4
"C:/Users/Jon/Documents/GitHub/climatechange/Content/Materials/Materials/M_TerrainMaterial.uasset" 5
"C:/Users/Jon/Documents/GitHub/climatechange/Content/Models/Environment/MD_Castle_TEST_01a.uasset" 6
"C:/Users/Jon/Documents/GitHub/climatechange/Content/Models/MD_Castle_TEST_01a.uasset" 7
"C:/Users/Jon/Documents/GitHub/climatechange/Content/Models/Environment/DebugMesh.uasset" 8
"C:/Users/Jon/Documents/GitHub/climatechange/Content/Models/Environment/MD_Box_01b.uasset" 9
"C:/Users/Jon/Documents/GitHub/climatechange/Content/Models/Environment/MD_Car_01b.uasset" 10
"C:/Users/Jon/Documents/GitHub/climatechange/Content/Models/Environment/MD_Library_01a.uasset" 11
"C:/Users/Jon/Documents/GitHub/climatechange/Content/Materials/Textures/T_Newspaper_01b.uasset" 12
"C:/Users/Jon/Documents/GitHub/climatechange/Content/Materials/Materials/M_Newspaper_01b.uasset" 13
"C:/Users/Jon/Documents/GitHub/climatechange/Content/Models/Environment/MD_Newspaper_01b.uasset" 14
"C:/Users/Jon/Documents/GitHub/climatechange/Content/Materials/Textures/T_Newspaper_01c.uasset" 15
"C:/Users/Jon/Documents/GitHub/climatechange/Content/Materials/Materials/M_Newspaper_01c.uasset" 16
"C:/Users/Jon/Documents/GitHub/climatechange/Content/Models/Environment/MD_Newspaper_01c.uasset" 17
"C:/Users/Jon/Documents/GitHub/climatechange/Content/Models/Environment/MD_Power_Cable_01a.uasset" 18
"C:/Users/Jon/Documents/GitHub/climatechange/Content/Models/Environment/MD_Soda_Can_01a.uasset" 19
"C:/Users/Jon/Documents/GitHub/climatechange/Content/Models/Environment/MD_Tin_Can_01b.uasset" 20
"C:/Users/Jon/Documents/GitHub/climatechange/Content/Models/Environment/MD_Tin_Can_01c.uasset" 21
"../../../Engine/Content/Animation/DefaultAnimCurveCompressionSettings.uasset" 22
"../../../Engine/Content/Functions/Engine_MaterialFunctions01/Opacity/CameraDepthFade.uasset" 23
"../../../Engine/Content/EngineMaterials/T_Default_Material_Grid_M.uasset" 24
"../../../Engine/Content/EngineMaterials/T_Default_Material_Grid_N.uasset" 25
"../../../Engine/Content/EngineMaterials/WorldGridMaterial.uasset" 26
"../../../Engine/Content/ArtTools/RenderToTexture/Meshes/S_1_Unit_Plane.uasset" 27
"../../../Engine/Content/EngineMaterials/DefaultMaterial.uasset" 28
"../../../Engine/Content/BasicShapes/Cone.uasset" 29
"../../../Engine/Content/BasicShapes/Cylinder.uasset" 30
"../../../Engine/Content/BasicShapes/Plane.uasset" 31
"../../../Engine/Content/BasicShapes/Sphere.uasset" 32
"../../../Engine/Content/EditorLandscapeResources/DataLayer.uasset" 33
"../../../Engine/Content/EditorMaterials/GizmoMaterial.uasset" 34
"../../../Engine/Content/EditorMaterials/MAT_Groups_Toggle.uasset" 35
"../../../Engine/Content/EditorMaterials/MAT_Groups_Visibility.uasset" 36
"../../../Engine/Content/EditorMaterials/PreviewShadowIndicator.uasset" 37
"../../../Engine/Content/EditorMaterials/PreviewShadowIndicatorMaterial.uasset" 38
"../../../Engine/Content/EditorMaterials/MatineeGroups/MAT_ColorTrack.uasset" 39
"../../../Engine/Content/EditorMaterials/MatineeGroups/MAT_Groups_Anim.uasset" 40
"../../../Engine/Content/EditorMaterials/MatineeGroups/MAT_Groups_AudioMaster.uasset" 41
"../../../Engine/Content/EditorMaterials/MatineeGroups/MAT_Groups_Director.uasset" 42
"../../../Engine/Content/EditorMaterials/MatineeGroups/MAT_Groups_Event.uasset" 43
"../../../Engine/Content/EditorMaterials/MatineeGroups/MAT_Groups_Fade.uasset" 44
"../../../Engine/Content/EditorMaterials/MatineeGroups/MAT_Groups_Float.uasset" 45
"../../../Engine/Content/EditorMaterials/MatineeGroups/MAT_Groups_Move.uasset" 46
"../../../Engine/Content/EditorMaterials/MatineeGroups/MAT_Groups_Slomo.uasset" 47
"../../../Engine/Content/EditorMaterials/MatineeGroups/MAT_Groups_Sound.uasset" 48
"../../../Engine/Content/EditorMaterials/MatineeGroups/MAT_Groups_Vector.uasset" 49
"../../../Engine/Content/EditorMaterials/ParticleSystems/PSysThumbnail_NoImage.uasset" 50
"../../../Engine/Content/EditorMaterials/ParticleSystems/PSysThumbnail_OOD.uasset" 51
"../../../Engine/Content/EditorMaterials/Camera/CineMat.uasset" 52
"../../../Engine/Content/EditorMaterials/Camera/MI_CineMat_Rig.uasset" 53
"../../../Engine/Content/EditorMeshes/Camera/SM_CraneRig_Arm.uasset" 54
"../../../Engine/Content/EditorMeshes/Camera/SM_CraneRig_Base.uasset" 55
"../../../Engine/Content/EditorMeshes/Camera/SM_CraneRig_Body.uasset" 56
"../../../Engine/Content/EditorMeshes/Camera/SM_CraneRig_Mount.uasset" 57
"../../../Engine/Content/EditorMeshes/Camera/SM_RailRig_Mount.uasset" 58
"../../../Engine/Content/EditorMeshes/Camera/SM_RailRig_Track.uasset" 59
"../../../Engine/Content/EditorResources/BSPVertex.uasset" 60
"../../../Engine/Content/EditorResources/EmptyActor.uasset" 61
"../../../Engine/Content/EditorResources/S_Actor.uasset" 62
"../../../Engine/Content/EditorResources/S_Note.uasset" 63
"../../../Engine/Content/EditorResources/S_Solver.uasset" 64
"../../../Engine/Content/EditorResources/S_Trigger.uasset" 65
"../../../Engine/Content/EditorResources/LightIcons/S_LightError.uasset" 66
"../../../Engine/Content/EditorResources/SequenceRecorder/Countdown.uasset" 67
"../../../Engine/Content/EditorResources/SequenceRecorder/RecordingIndicator.uasset" 68
"../../../Engine/Content/EditorSounds/Notifications/CompileFailed.uasset" 69
"../../../Engine/Content/EditorSounds/Notifications/CompileFailed_Cue.uasset" 70
"../../../Engine/Content/EditorSounds/Notifications/CompileSuccess.uasset" 71
"../../../Engine/Content/EditorSounds/Notifications/CompileStart_Cue.uasset" 72
"../../../Engine/Content/EditorSounds/Notifications/CompileSuccess_Cue.uasset" 73
"../../../Engine/Content/EngineDamageTypes/DmgTypeBP_Environmental.uasset" 74
"../../../Engine/Content/EngineDebugMaterials/HeatmapGradient.uasset" 75
"../../../Engine/Content/EngineDebugMaterials/BoneWeightMaterial.uasset" 76
"../../../Engine/Content/EngineDebugMaterials/ClothMaterial.uasset" 77
"../../../Engine/Content/EngineDebugMaterials/ClothMaterial_WF.uasset" 78
"../../../Engine/Content/EngineDebugMaterials/DebugEditorMaterial.uasset" 79
"../../../Engine/Content/EngineDebugMaterials/DebugMeshMaterial.uasset" 80
"../../../Engine/Content/EngineDebugMaterials/GeomMaterial.uasset" 81
"../../../Engine/Content/EngineDebugMaterials/M_SimpleTranslucent.uasset" 82
"../../../Engine/Content/Functions/Engine_MaterialFunctions02/Utility/CameraDirectionVector.uasset" 83
"../../../Engine/Content/EngineDebugMaterials/VolumeToRender.uasset" 84
"../../../Engine/Content/EngineDebugMaterials/M_VolumeRenderSphereTracePP.uasset" 85
"../../../Engine/Content/EngineDebugMaterials/WireframeMaterial.uasset" 86
"../../../Engine/Content/EngineFonts/Faces/RobotoBold.uasset" 87
"../../../Engine/Content/EngineFonts/Faces/RobotoBoldItalic.uasset" 88
"../../../Engine/Content/EngineFonts/Faces/RobotoItalic.uasset" 89
"../../../Engine/Content/EngineFonts/Faces/RobotoLight.uasset" 90
"../../../Engine/Content/EngineFonts/Faces/RobotoRegular.uasset" 91
"../../../Engine/Content/EngineFonts/Roboto.uasset" 92
"../../../Engine/Content/EngineFonts/Faces/RobotoTiny.uasset" 93
"../../../Engine/Content/EngineFonts/RobotoTiny.uasset" 94
"../../../Engine/Content/EngineMaterials/BaseFlattenDiffuseMap.uasset" 95
"../../../Engine/Content/EngineMaterials/BaseFlattenEmissiveMap.uasset" 96
"../../../Engine/Content/EngineMaterials/BaseFlattenGrayscaleMap.uasset" 97
"../../../Engine/Content/EngineMaterials/BaseFlattenNormalMap.uasset" 98
"../../../Engine/Content/EngineMaterials/BaseFlattenMaterial.uasset" 99
"../../../Engine/Content/EngineMaterials/BlueNoise.uasset" 100
"../../../Engine/Content/EngineMaterials/DefaultBloomKernel.uasset" 101
"../../../Engine/Content/EngineMaterials/DefaultBokeh.uasset" 102
"../../../Engine/Content/EngineMaterials/DefaultDiffuse.uasset" 103
"../../../Engine/Content/EngineMaterials/DefaultDeferredDecalMaterial.uasset" 104
"../../../Engine/Content/EngineMaterials/DefaultLightFunctionMaterial.uasset" 105
"../../../Engine/Content/Functions/Engine_MaterialFunctions02/Utility/BreakOutFloat2Components.uasset" 106
"../../../Engine/Content/EngineMaterials/DefaultPostProcessMaterial.uasset" 107
"../../../Engine/Content/EngineFonts/RobotoDistanceField.uasset" 108
"../../../Engine/Content/EngineMaterials/DefaultTextMaterialOpaque.uasset" 109
"../../../Engine/Content/EngineMaterials/DefaultVirtualTextureMaterial.uasset" 110
"../../../Engine/Content/EngineMaterials/DefaultWhiteGrid.uasset" 111
"../../../Engine/Content/EngineMaterials/EditorBrushMaterial.uasset" 112
"../../../Engine/Content/EngineMaterials/DefaultWhiteGrid_Low.uasset" 113
"../../../Engine/Content/EngineMaterials/EmissiveMeshMaterial.uasset" 114
"../../../Engine/Content/EngineMaterials/Good64x64TilingNoiseHighFreq.uasset" 115
"../../../Engine/Content/EngineMaterials/MiniFont.uasset" 116
"../../../Engine/Content/EngineMaterials/InvalidLightmapSettings.uasset" 117
"../../../Engine/Content/EngineMaterials/M_InvalidLightmapSettings.uasset" 118
"../../../Engine/Content/Functions/Engine_MaterialFunctions02/WorldPositionOffset/CameraOffset.uasset" 119
"../../../Engine/Content/EngineMaterials/PhAT_JointLimitMaterial.uasset" 120
"../../../Engine/Content/EngineMaterials/PreintegratedSkinBRDF.uasset" 121
"../../../Engine/Content/EngineMaterials/RemoveSurfaceMaterial.uasset" 122
"../../../Engine/Content/EngineMaterials/WeightMapPlaceholderTexture.uasset" 123
"../../../Engine/Content/EngineResources/WhiteSquareTexture.uasset" 124
"../../../Engine/Content/EngineMaterials/Widget3DPassThrough.uasset" 125
"../../../Engine/Content/EngineMaterials/Widget3DPassThrough_Masked.uasset" 126
"../../../Engine/Content/EngineMaterials/Widget3DPassThrough_Opaque.uasset" 127
"../../../Engine/Content/EngineMaterials/Widget3DPassThrough_Masked_OneSided.uasset" 128
"../../../Engine/Content/EngineMaterials/Widget3DPassThrough_Opaque_OneSided.uasset" 129
"../../../Engine/Content/EngineMaterials/Widget3DPassThrough_Translucent.uasset" 130
"../../../Engine/Content/EngineMaterials/Widget3DPassThrough_Translucent_OneSided.uasset" 131
"../../../Engine/Content/EngineMeshes/Cylinder.uasset" 132
"../../../Engine/Content/EngineMeshes/Sphere.uasset" 133
"../../../Engine/Content/EngineResources/Black.uasset" 134
"../../../Engine/Content/EngineResources/DefaultTexture.uasset" 135
"../../../Engine/Content/EngineResources/DefaultTextureCube.uasset" 136
"../../../Engine/Content/EngineResources/DefaultVolumeTexture2D.uasset" 137
"../../../Engine/Content/EngineResources/DefaultVolumeTexture.uasset" 138
"../../../Engine/Content/EngineResources/GradientTexture0.uasset" 139
"../../../Engine/Content/EngineSounds/Master.uasset" 140
"../../../Engine/Content/Functions/Engine_MaterialFunctions01/Shading/ConvertFromDiffSpec.uasset" 141
"../../../Engine/Content/Functions/Engine_MaterialFunctions01/Shading/PowerToRoughness.uasset" 142
"../../../Engine/Content/Maps/Templates/Thumbnails/Default.uasset" 143
"../../../Engine/Content/Maps/Templates/Thumbnails/VR-Basic.uasset" 144
"../../../Engine/Content/MobileResources/T_MobileControls_texture.uasset" 145
"../../../Engine/Content/MobileResources/T_MobileMenu2.uasset" 146
"../../../Engine/Content/MobileResources/HUD/AnalogHat.uasset" 147
"../../../Engine/Content/MobileResources/HUD/VirtualJoystick_Background.uasset" 148
"../../../Engine/Content/MobileResources/HUD/VirtualJoystick_Thumb.uasset" 149
"../../../Engine/Content/MobileResources/HUD/DefaultVirtualJoysticks.uasset" 150
"../../../Engine/Content/MobileResources/HUD/LeftVirtualJoystickOnly.uasset" 151
"../../../Engine/Content/MobileResources/HUD/MobileHUDButton1_off.uasset" 152
"../../../Engine/Content/MobileResources/HUD/MobileHUDButton1_on.uasset" 153
"../../../Engine/Content/MobileResources/HUD/MobileHUDButton2_off.uasset" 154
"../../../Engine/Content/MobileResources/HUD/MobileHUDButton2_on.uasset" 155
"../../../Engine/Content/MobileResources/HUD/MobileHUDButton3.uasset" 156
"../../../Engine/Content/MobileResources/HUD/MobileHUDButtonFire.uasset" 157
"../../../Engine/Content/MobileResources/HUD/MobileHUDDirectionPad.uasset" 158
"../../../Engine/Content/MobileResources/HUD/MobileHUDDirectionPad2.uasset" 159
"../../../Engine/Content/MobileResources/HUD/MobileHUDDirectionPad3.uasset" 160
"../../../Engine/Content/MobileResources/HUD/MobileHUDDirectionStick.uasset" 161
"../../../Engine/Content/MobileResources/HUD/T_Castle_ThumbstickInner.uasset" 162
"../../../Engine/Content/MobileResources/HUD/T_Castle_ThumbstickOutter.uasset" 163
"../../../Engine/Content/Tutorial/ContentIntroCurve.uasset" 164
"../../../Engine/Content/Tutorial/Basics/LevelEditorAttract.uasset" 165
"../../../Engine/Content/Tutorial/Installation/InstallingVisualStudioTutorial.uasset" 166
"../../../Engine/Content/VREditor/LaserPointer/VR_LaserPower_01.uasset" 167
"../../../Engine/Content/VREditor/TransformGizmo/TransformGizmoMaterial.uasset" 168
"../../../Engine/Content/VREditor/TransformGizmo/TranslucentTransformGizmoMaterial.uasset" 169
"../../../Engine/Content/VREditor/TransformGizmo/BoundingBoxCorner.uasset" 170
"../../../Engine/Content/VREditor/TransformGizmo/BoundingBoxEdge.uasset" 171
"../../../Engine/Content/VREditor/TransformGizmo/PlaneTranslationHandle.uasset" 172
"../../../Engine/Content/VREditor/TransformGizmo/Main.uasset" 173
"../../../Engine/Content/VREditor/TransformGizmo/Xray.uasset" 174
"../../../Engine/Content/VREditor/TransformGizmo/SM_Sequencer_Key.uasset" 175
"../../../Engine/Content/VREditor/TransformGizmo/SM_Sequencer_Node.uasset" 176
"../../Plugins/2D/Paper2D/Content/PlaceholderTextures/DummySpriteTexture.uasset" 177
"../../Plugins/2D/Paper2D/Content/DummySprite.uasset" 178
"../../Plugins/2D/Paper2D/Content/DefaultPaperTerrainMaterial.uasset" 179
"../../Plugins/2D/Paper2D/Content/DummySpriteTexture.uasset" 180
"../../Plugins/2D/Paper2D/Content/DefaultSpriteMaterial.uasset" 181
"../../Plugins/2D/Paper2D/Content/MaskedUnlitSpriteMaterial.uasset" 182
"../../Plugins/2D/Paper2D/Content/OpaqueUnlitSpriteMaterial.uasset" 183
"../../Plugins/Runtime/Oculus/OculusVR/Content/OculusMR_RenderTarget.uasset" 184
"../../../Engine/Content/Functions/Engine_MaterialFunctions02/Utility/BreakOutFloat4Components.uasset" 185
"../../../Engine/Content/Functions/Engine_MaterialFunctions02/Utility/MakeFloat2.uasset" 186
"../../../Engine/Content/Functions/Engine_MaterialFunctions02/Utility/MakeFloat3.uasset" 187
"../../Plugins/Runtime/Oculus/OculusVR/Content/Materials/OculusMR_ChromaKey.uasset" 188
"../../Plugins/Runtime/Oculus/OculusVR/Content/Materials/OculusMR_ChromaKey_Lit.uasset" 189
"../../Plugins/Runtime/Oculus/OculusVR/Content/Materials/OculusMR_OpaqueColoredMaterial.uasset" 190
"../../Plugins/Runtime/Oculus/OculusVR/Content/Materials/OculusMR_WhiteMaterial.uasset" 191
"../../../Engine/Content/EditorBlueprintResources/StandardMacros.uasset" 192
"../../../Engine/Content/EngineSky/C_Sky_Cloud_Color.uasset" 193
"../../../Engine/Content/EngineSky/C_Sky_Horizon_Color.uasset" 194
"../../../Engine/Content/EngineSky/C_Sky_Zenith_Color.uasset" 195
"../../../Engine/Content/EngineSky/T_Sky_Blue.uasset" 196
"../../../Engine/Content/EngineSky/T_Sky_Clouds_M.uasset" 197
"../../../Engine/Content/EngineSky/T_Sky_Stars.uasset" 198
"../../../Engine/Content/EngineSky/M_Sky_Panning_Clouds2.uasset" 199
"../../../Engine/Content/EngineSky/SM_SkySphere.uasset" 200
"../../../Engine/Content/EngineSky/BP_Sky_Sphere.uasset" 201
"C:/Users/Jon/Documents/GitHub/climatechange/Content/Blueprints/Int_Interaction.uasset" 202
"C:/Users/Jon/Documents/GitHub/climatechange/Content/Blueprints/Int_pickup.uasset" 203
"C:/Users/Jon/Documents/GitHub/climatechange/Content/Blueprints/Enumerators/Enum_ObjectType.uasset" 204
"C:/Users/Jon/Documents/GitHub/climatechange/Content/Blueprints/Enumerators/Enum_RubbishType.uasset" 205
"C:/Users/Jon/Documents/GitHub/climatechange/Content/Blueprints/Structure/struct_PickupItem.uasset" 206
"../../../Engine/Content/BasicShapes/BasicShapeMaterial.uasset" 207
"C:/Users/Jon/Documents/GitHub/climatechange/Content/Materials/Materials/M_PlaceholderMaterial.uasset" 208
"../../../Engine/Content/BasicShapes/Cube.uasset" 209
"C:/Users/Jon/Documents/GitHub/climatechange/Content/Blueprints/BP_BaseObject.uasset" 210
"C:/Users/Jon/Documents/GitHub/climatechange/Content/Models/Environment/MD_Purifier_01a.uasset" 211
"C:/Users/Jon/Documents/GitHub/climatechange/Content/Models/Environment/MD_Purifier_Dome_01a.uasset" 212
"C:/Users/Jon/Documents/GitHub/climatechange/Content/Blueprints/Devices/BP_Purifier.uasset" 213
"C:/Users/Jon/Documents/GitHub/climatechange/Content/Materials/Textures/T_Scanline.uasset" 214
"C:/Users/Jon/Documents/GitHub/climatechange/Content/Materials/Materials/M_FPPShader.uasset" 215
"C:/Users/Jon/Documents/GitHub/climatechange/Content/Models/Character/Eco_K9_Body.uasset" 216
"C:/Users/Jon/Documents/GitHub/climatechange/Content/Models/Character/MD_Eco_K9_Body.uasset" 217
"C:/Users/Jon/Documents/GitHub/climatechange/Content/Models/Character/MD_Eco_K9_Ear_L.uasset" 218
"C:/Users/Jon/Documents/GitHub/climatechange/Content/Models/Character/MD_Eco_K9_Ear_R.uasset" 219
"C:/Users/Jon/Documents/GitHub/climatechange/Content/Models/Character/Glass_Visor.uasset" 220
"C:/Users/Jon/Documents/GitHub/climatechange/Content/Models/Character/Head.uasset" 221
"C:/Users/Jon/Documents/GitHub/climatechange/Content/Models/Character/MD_Eco_K9_Head.uasset" 222
"C:/Users/Jon/Documents/GitHub/climatechange/Content/Models/Character/MD_Eco_K9_Leg_FLeft.uasset" 223
"C:/Users/Jon/Documents/GitHub/climatechange/Content/Models/Character/MD_Eco_K9_Leg_FRight.uasset" 224
"C:/Users/Jon/Documents/GitHub/climatechange/Content/Models/Character/MD_Eco_K9_Leg_RLeft.uasset" 225
"C:/Users/Jon/Documents/GitHub/climatechange/Content/Models/Character/MD_Eco_K9_Leg_RRight.uasset" 226
"C:/Users/Jon/Documents/GitHub/climatechange/Content/Models/Character/MD_Eco_K9_Tail.uasset" 227
"C:/Users/Jon/Documents/GitHub/climatechange/Content/Blueprints/BP_Char.uasset" 228
"C:/Users/Jon/Documents/GitHub/climatechange/Content/Blueprints/UI/WBP_FPP.uasset" 229
"C:/Users/Jon/Documents/GitHub/climatechange/Content/Blueprints/UI/WBP_Pause.uasset" 230
"C:/Users/Jon/Documents/GitHub/climatechange/Content/Blueprints/UI/WBP_TPP.uasset" 231
"C:/Users/Jon/Documents/GitHub/climatechange/Content/Blueprints/UI/BP_HUDControl.uasset" 232
"C:/Users/Jon/Documents/GitHub/climatechange/Content/Blueprints/BP_Device.uasset" 233
"C:/Users/Jon/Documents/GitHub/climatechange/Content/Blueprints/BP_Gamemode.uasset" 234
"C:/Users/Jon/Documents/GitHub/climatechange/Content/Models/Environment/MD_Recycler_01a.uasset" 235
"C:/Users/Jon/Documents/GitHub/climatechange/Content/Models/Environment/MD_Recycler_Dome_01a.uasset" 236
"C:/Users/Jon/Documents/GitHub/climatechange/Content/Blueprints/Devices/BP_Recycler.uasset" 237
"C:/Users/Jon/Documents/GitHub/climatechange/Content/GameMap_BuiltData.uasset" 238
"../../../Engine/Content/EngineMaterials/DefaultPhysicalMaterial.uasset" 239
"C:/Users/Jon/Documents/GitHub/climatechange/Content/Blueprints/UI/WBP_RecyclerUI.uasset" 240
"C:/Users/Jon/Documents/GitHub/climatechange/Content/Models/Environment/Broken_Bottle_01a.uasset" 241
"C:/Users/Jon/Documents/GitHub/climatechange/Content/Models/Environment/MD_Big_Dome_01a.uasset" 242
"C:/Users/Jon/Documents/GitHub/climatechange/Content/Models/Environment/MD_Box_01a.uasset" 243
"C:/Users/Jon/Documents/GitHub/climatechange/Content/Models/Environment/MD_Box_01c.uasset" 244
"C:/Users/Jon/Documents/GitHub/climatechange/Content/Models/Environment/MD_Box_01d.uasset" 245
"C:/Users/Jon/Documents/GitHub/climatechange/Content/Models/Environment/MD_Broken_Bottle_01b.uasset" 246
"C:/Users/Jon/Documents/GitHub/climatechange/Content/Models/Environment/MD_Broken_Car_01a.uasset" 247
"C:/Users/Jon/Documents/GitHub/climatechange/Content/Models/Environment/MD_Broken_Car_01b.uasset" 248
"C:/Users/Jon/Documents/GitHub/climatechange/Content/Models/Environment/MD_Car_01a.uasset" 249
"C:/Users/Jon/Documents/GitHub/climatechange/Content/Models/Environment/MD_Car_01c.uasset" 250
"C:/Users/Jon/Documents/GitHub/climatechange/Content/Materials/Textures/T_Newspaper_01a.uasset" 251
"C:/Users/Jon/Documents/GitHub/climatechange/Content/Materials/Materials/M_Newspaper_01a.uasset" 252
"C:/Users/Jon/Documents/GitHub/climatechange/Content/Models/Environment/MD_Newspaper_01a.uasset" 253
"C:/Users/Jon/Documents/GitHub/climatechange/Content/Models/Environment/MD_Power_Line_Post_01a.uasset" 254
"C:/Users/Jon/Documents/GitHub/climatechange/Content/Models/Environment/MD_Soda_Can_01b.uasset" 255
"C:/Users/Jon/Documents/GitHub/climatechange/Content/Models/Environment/MD_Tin_Can_01a.uasset" 256
"C:/Users/Jon/Documents/GitHub/climatechange/Content/Models/Environment/MD_Towers_01a.uasset" 257
"C:/Users/Jon/Documents/GitHub/climatechange/Content/GameMap.umap" 258
"C:/Users/Jon/Documents/GitHub/climatechange/Content/TestMap_BuiltData.uasset" 259
"../../../Engine/Content/MapTemplates/SM_Template_Map_Floor.uasset" 260
"C:/Users/Jon/Documents/GitHub/climatechange/Content/TestMap.umap" 261
"../../../Engine/Content/Maps/Entry_BuiltData.uasset" 262
"../../../Engine/Content/Maps/Entry.umap" 263
